<?xml version="1.0" encoding="UTF-8"?>
<!-- Generated by org.testng.reporters.JUnitXMLReporter -->
<testsuite hostname="GulJen" ignored="0" name="All Tests" tests="5" failures="0" timestamp="2022-06-12T02:22:18 CDT" time="38.898" errors="0">
  <testcase name="validateMainMenuItems" time="4.963" classname="unitedAirlinesTest.UnitedAirlinesMainMenuTest"/>
  <testcase name="validateBookTravelNavItems" time="4.604" classname="unitedAirlinesTest.UnitedAirlinesMainMenuTest"/>
  <testcase name="validateRadioButtons" time="4.051" classname="unitedAirlinesTest.UnitedAirlinesMainMenuTest"/>
  <testcase name="validateCheckBoxes" time="4.527" classname="unitedAirlinesTest.UnitedAirlinesMainMenuTest"/>
  <testcase name="validateSearchResults" time="7.649" classname="unitedAirlinesTest.UnitedAirlinesMainMenuTest"/>
</testsuite> <!-- All Tests -->
