<?xml version="1.0" encoding="UTF-8"?>
<testng-results skipped="0" failed="0" ignored="0" total="5" passed="5">
  <reporter-output>
  </reporter-output>
  <suite name="Regression" duration-ms="38898" started-at="2022-06-12T02:21:39 CDT" finished-at="2022-06-12T02:22:18 CDT">
    <groups>
    </groups>
    <test name="All Tests" duration-ms="38898" started-at="2022-06-12T02:21:39 CDT" finished-at="2022-06-12T02:22:18 CDT">
      <class name="unitedAirlinesTest.UnitedAirlinesMainMenuTest">
        <test-method status="PASS" signature="setup()[pri:0, instance:unitedAirlinesTest.UnitedAirlinesMainMenuTest@4dfa3a9d]" name="setup" is-config="true" duration-ms="2635" started-at="2022-06-12T02:21:39 CDT" finished-at="2022-06-12T02:21:42 CDT">
          <reporter-output>
          </reporter-output>
        </test-method> <!-- setup -->
        <test-method status="PASS" signature="validateMainMenuItems()[pri:1, instance:unitedAirlinesTest.UnitedAirlinesMainMenuTest@4dfa3a9d]" name="validateMainMenuItems" duration-ms="4963" started-at="2022-06-12T02:21:42 CDT" description="Validate &quot;Main menu&quot; navigation items" finished-at="2022-06-12T02:21:47 CDT">
          <reporter-output>
          </reporter-output>
        </test-method> <!-- validateMainMenuItems -->
        <test-method status="PASS" signature="teardown()[pri:0, instance:unitedAirlinesTest.UnitedAirlinesMainMenuTest@4dfa3a9d]" name="teardown" is-config="true" duration-ms="866" started-at="2022-06-12T02:21:47 CDT" finished-at="2022-06-12T02:21:48 CDT">
          <reporter-output>
          </reporter-output>
        </test-method> <!-- teardown -->
        <test-method status="PASS" signature="setup()[pri:0, instance:unitedAirlinesTest.UnitedAirlinesMainMenuTest@4dfa3a9d]" name="setup" is-config="true" duration-ms="1542" started-at="2022-06-12T02:21:48 CDT" finished-at="2022-06-12T02:21:49 CDT">
          <reporter-output>
          </reporter-output>
        </test-method> <!-- setup -->
        <test-method status="PASS" signature="validateBookTravelNavItems()[pri:2, instance:unitedAirlinesTest.UnitedAirlinesMainMenuTest@4dfa3a9d]" name="validateBookTravelNavItems" duration-ms="4604" started-at="2022-06-12T02:21:49 CDT" description="Validate &quot;Book travel menu&quot; navigation items" finished-at="2022-06-12T02:21:54 CDT">
          <reporter-output>
          </reporter-output>
        </test-method> <!-- validateBookTravelNavItems -->
        <test-method status="PASS" signature="teardown()[pri:0, instance:unitedAirlinesTest.UnitedAirlinesMainMenuTest@4dfa3a9d]" name="teardown" is-config="true" duration-ms="834" started-at="2022-06-12T02:21:54 CDT" finished-at="2022-06-12T02:21:55 CDT">
          <reporter-output>
          </reporter-output>
        </test-method> <!-- teardown -->
        <test-method status="PASS" signature="setup()[pri:0, instance:unitedAirlinesTest.UnitedAirlinesMainMenuTest@4dfa3a9d]" name="setup" is-config="true" duration-ms="1512" started-at="2022-06-12T02:21:55 CDT" finished-at="2022-06-12T02:21:56 CDT">
          <reporter-output>
          </reporter-output>
        </test-method> <!-- setup -->
        <test-method status="PASS" signature="validateRadioButtons()[pri:3, instance:unitedAirlinesTest.UnitedAirlinesMainMenuTest@4dfa3a9d]" name="validateRadioButtons" duration-ms="4051" started-at="2022-06-12T02:21:56 CDT" description="Validate &quot;Round-trip&quot; and &quot;One-way&quot; radio buttons" finished-at="2022-06-12T02:22:00 CDT">
          <reporter-output>
          </reporter-output>
        </test-method> <!-- validateRadioButtons -->
        <test-method status="PASS" signature="teardown()[pri:0, instance:unitedAirlinesTest.UnitedAirlinesMainMenuTest@4dfa3a9d]" name="teardown" is-config="true" duration-ms="869" started-at="2022-06-12T02:22:00 CDT" finished-at="2022-06-12T02:22:01 CDT">
          <reporter-output>
          </reporter-output>
        </test-method> <!-- teardown -->
        <test-method status="PASS" signature="setup()[pri:0, instance:unitedAirlinesTest.UnitedAirlinesMainMenuTest@4dfa3a9d]" name="setup" is-config="true" duration-ms="1569" started-at="2022-06-12T02:22:01 CDT" finished-at="2022-06-12T02:22:03 CDT">
          <reporter-output>
          </reporter-output>
        </test-method> <!-- setup -->
        <test-method status="PASS" signature="validateCheckBoxes()[pri:4, instance:unitedAirlinesTest.UnitedAirlinesMainMenuTest@4dfa3a9d]" name="validateCheckBoxes" duration-ms="4527" started-at="2022-06-12T02:22:03 CDT" description="Validate &quot;Book with miles&quot; and &quot;Flexible dates&quot; checkboxes" finished-at="2022-06-12T02:22:07 CDT">
          <reporter-output>
          </reporter-output>
        </test-method> <!-- validateCheckBoxes -->
        <test-method status="PASS" signature="teardown()[pri:0, instance:unitedAirlinesTest.UnitedAirlinesMainMenuTest@4dfa3a9d]" name="teardown" is-config="true" duration-ms="870" started-at="2022-06-12T02:22:07 CDT" finished-at="2022-06-12T02:22:08 CDT">
          <reporter-output>
          </reporter-output>
        </test-method> <!-- teardown -->
        <test-method status="PASS" signature="setup()[pri:0, instance:unitedAirlinesTest.UnitedAirlinesMainMenuTest@4dfa3a9d]" name="setup" is-config="true" duration-ms="1490" started-at="2022-06-12T02:22:08 CDT" finished-at="2022-06-12T02:22:09 CDT">
          <reporter-output>
          </reporter-output>
        </test-method> <!-- setup -->
        <test-method status="PASS" signature="validateSearchResults()[pri:5, instance:unitedAirlinesTest.UnitedAirlinesMainMenuTest@4dfa3a9d]" name="validateSearchResults" duration-ms="7649" started-at="2022-06-12T02:22:09 CDT" description="Validate One-way ticket search results from Chicago to Miami" finished-at="2022-06-12T02:22:17 CDT">
          <reporter-output>
          </reporter-output>
        </test-method> <!-- validateSearchResults -->
        <test-method status="PASS" signature="teardown()[pri:0, instance:unitedAirlinesTest.UnitedAirlinesMainMenuTest@4dfa3a9d]" name="teardown" is-config="true" duration-ms="893" started-at="2022-06-12T02:22:17 CDT" finished-at="2022-06-12T02:22:18 CDT">
          <reporter-output>
          </reporter-output>
        </test-method> <!-- teardown -->
      </class> <!-- unitedAirlinesTest.UnitedAirlinesMainMenuTest -->
    </test> <!-- All Tests -->
  </suite> <!-- Regression -->
</testng-results>
